2025-04-07-11-38-34
Config:
('lr', 0.001)
('nei_padding_mask', True)
('batch_size', 32)
('train_data_ratio', 1)
('diffusion_steps', 50)
('variance_mode', 'linear')
('val_mode', 'multistep')
('diffnet', 'Diffuser_ped_inter_geometric_cond_w_history')
('yt_encoder_layers', 3)
('spatial_emsize', 128)
('spatial_encoder_head', 4)
('spatial_encoder_layers', 2)
('dropout', 0.2)
('esti_goal', 'acce')
('history_dim', 6)
('history_emsize', 64)
('history_lstm', 128)
('history_lstm_out', 64)
('ped_encode_dim1', 64)
('ped_encode_hid1', [64, 64])
('ped_encode_dim2', 64)
('ped_encode2_layers', 4)
('egnn_layers', 3)
('egnn_hid_dim', 64)
('obs_seq_len', 8)
('pred_seq_len', 20)
('epochs', -1)
('save_model', True)
('finetune', True)
('total_epochs', 260)
('data_config', 'configs/data_configs/data_finetune_hela.yaml')
('rebuild_dataset', True)
('data_dict_path', 'dataset_built/pretrain_ucy_0403_trainonreal_mt_fn10_t3v1.pkl')
('model_sd_path', False)
('finetune_trainmode', 'multistep')
('time_decay', 0.9)
('use_col_focus_loss', False)
('collision_threshold', 0.5)
('dataset_type', 'timeindex')
('finetune_flag', 1)
('valid_steps', 10)
('data_dir', 'processed_data_sf')
('topk_ped', 6)
('sight_angle_ped', 90)
('dist_threshold_ped', 4)
('topk_obs', 10)
('sight_angle_obs', 90)
('dist_threshold_obs', 4)
('skip_frames', 11)
('num_history_feature', 8)
('num_history_velocity', 1)
('train_mode', 'multi')
('eval_batch_size', 256)
('k_eval', 25)
('seed', 666)
('eval_every', 10)
('eval_at', 80)
('eval_mode', False)
('device', 'cuda')
('note', 'None')
('config', 'configs/hela.yaml')
('dataset', '')
('exp_name', 'hela')


Eval on:



#Trainable Parameters: 226536


('ft_lr', 1e-05)
Epoch 0 MSE: 114.77239227294922 MAE: 6.98560094833374
Epoch 0 OT: 115.5460917154948 MMD: 0.002346770962079366
Epoch 0 collision: 0.0 FDE: 8.241077423095703
Epoch 0 dtw: 3.9036293382997864 inter ped distance mmd: 0.0
 
Epoch 10 MSE: 114.7234878540039 MAE: 6.989562034606934
Epoch 10 OT: 115.50085856119792 MMD: 0.0023436586062113443
Epoch 10 collision: 0.0 FDE: 8.227139472961426
Epoch 10 dtw: 3.900988720081471 inter ped distance mmd: 0.0
 
Epoch 20 MSE: 114.69943237304688 MAE: 6.994587421417236
Epoch 20 OT: 115.47948379516602 MMD: 0.0023411144812901814
Epoch 20 collision: 0.0 FDE: 8.213606834411621
Epoch 20 dtw: 3.8987608838964394 inter ped distance mmd: 0.0
 
Epoch 30 MSE: 114.64263153076172 MAE: 6.998060703277588
Epoch 30 OT: 115.42364705403646 MMD: 0.0023378908634185793
Epoch 30 collision: 0.0 FDE: 8.198506355285645
Epoch 30 dtw: 3.896546513945968 inter ped distance mmd: 0.0
 
Epoch 40 MSE: 114.59817504882812 MAE: 7.00236701965332
Epoch 40 OT: 115.37806574503581 MMD: 0.002334847052892049
Epoch 40 collision: 0.0 FDE: 8.18322467803955
Epoch 40 dtw: 3.894630361486364 inter ped distance mmd: 0.0
 
Epoch 50 MSE: 114.5544204711914 MAE: 7.005866050720215
Epoch 50 OT: 115.33220494588217 MMD: 0.0023324290911356607
Epoch 50 collision: 0.0 FDE: 8.169355392456055
Epoch 50 dtw: 3.89327425426907 inter ped distance mmd: 0.0
 
Epoch 60 MSE: 114.52796173095703 MAE: 7.009762287139893
Epoch 60 OT: 115.3045555114746 MMD: 0.0023307542006174723
Epoch 60 collision: 0.0 FDE: 8.155180931091309
Epoch 60 dtw: 3.891919074235139 inter ped distance mmd: 0.0
 
Epoch 70 MSE: 114.52210235595703 MAE: 7.01437520980835
Epoch 70 OT: 115.29859619140625 MMD: 0.0023296654224395754
Epoch 70 collision: 0.0 FDE: 8.141200065612793
Epoch 70 dtw: 3.8910587187166565 inter ped distance mmd: 0.0
 
Epoch 80 MSE: 114.51851654052734 MAE: 7.019235134124756
Epoch 80 OT: 115.295033009847 MMD: 0.0023289918899536133
Epoch 80 collision: 0.0 FDE: 8.126859664916992
Epoch 80 dtw: 3.8902561046459057 inter ped distance mmd: 0.0
 
Epoch 90 MSE: 114.50408935546875 MAE: 7.023606300354004
Epoch 90 OT: 115.28188705444336 MMD: 0.0023282845815022785
Epoch 90 collision: 0.0 FDE: 8.11101245880127
Epoch 90 dtw: 3.8893583615620932 inter ped distance mmd: 0.0
 
Epoch 100 MSE: 114.4897232055664 MAE: 7.0282368659973145
Epoch 100 OT: 115.27034200032553 MMD: 0.0023280084133148193
Epoch 100 collision: 0.0 FDE: 8.091659545898438
Epoch 100 dtw: 3.888311297805221 inter ped distance mmd: 0.0
 
Epoch 110 MSE: 114.50465393066406 MAE: 7.034611225128174
Epoch 110 OT: 115.28909022013346 MMD: 0.002328277627627055
Epoch 110 collision: 0.0 FDE: 8.06902027130127
Epoch 110 dtw: 3.887266997937803 inter ped distance mmd: 0.0
 
Epoch 120 MSE: 114.46797180175781 MAE: 7.0387654304504395
Epoch 120 OT: 115.25325775146484 MMD: 0.0023274580637613934
Epoch 120 collision: 0.0 FDE: 8.044719696044922
Epoch 120 dtw: 3.886362844043308 inter ped distance mmd: 0.0
 
Epoch 130 MSE: 114.42031860351562 MAE: 7.0429534912109375
Epoch 130 OT: 115.20704065958658 MMD: 0.0023269712924957275
Epoch 130 collision: 0.0 FDE: 8.018357276916504
Epoch 130 dtw: 3.8851652851811163 inter ped distance mmd: 0.0
 
Epoch 140 MSE: 114.40389251708984 MAE: 7.0485615730285645
Epoch 140 OT: 115.19044850667318 MMD: 0.0023272424936294557
Epoch 140 collision: 0.0 FDE: 7.991477966308594
Epoch 140 dtw: 3.8842867745293512 inter ped distance mmd: 0.0
 
Epoch 150 MSE: 114.34783935546875 MAE: 7.052403450012207
Epoch 150 OT: 115.1352160135905 MMD: 0.002327081561088562
Epoch 150 collision: 0.0 FDE: 7.961618900299072
Epoch 150 dtw: 3.8838310506608753 inter ped distance mmd: 0.0
 
Epoch 160 MSE: 114.40298461914062 MAE: 7.060725688934326
Epoch 160 OT: 115.1954584757487 MMD: 0.002330075701077779
Epoch 160 collision: 0.0 FDE: 7.935396671295166
Epoch 160 dtw: 3.8849872836360224 inter ped distance mmd: 0.0
 
Epoch 170 MSE: 114.48226165771484 MAE: 7.069777965545654
Epoch 170 OT: 115.2774045308431 MMD: 0.0023352086544036867
Epoch 170 collision: 0.0 FDE: 7.916380882263184
Epoch 170 dtw: 3.888717262833207 inter ped distance mmd: 0.0
 
Epoch 180 MSE: 114.61731719970703 MAE: 7.080966949462891
Epoch 180 OT: 115.4156992594401 MMD: 0.0023444185654322306
Epoch 180 collision: 0.0 FDE: 7.903946399688721
Epoch 180 dtw: 3.8951603130058006 inter ped distance mmd: 0.0
 
Epoch 190 MSE: 114.91930389404297 MAE: 7.1003193855285645
Epoch 190 OT: 115.72046864827475 MMD: 0.0023585379123687742
Epoch 190 collision: 0.0 FDE: 7.903128147125244
Epoch 190 dtw: 3.904629177517361 inter ped distance mmd: 0.0
 
Epoch 200 MSE: 115.29209899902344 MAE: 7.122528553009033
Epoch 200 OT: 116.09000066121419 MMD: 0.002377041180928548
Epoch 200 collision: 0.0 FDE: 7.915798187255859
Epoch 200 dtw: 3.91895001022904 inter ped distance mmd: 0.0
 
Epoch 210 MSE: 115.74346923828125 MAE: 7.148550987243652
Epoch 210 OT: 116.5295171101888 MMD: 0.00239850382010142
Epoch 210 collision: 0.0 FDE: 7.941290855407715
Epoch 210 dtw: 3.9374260284282543 inter ped distance mmd: 0.0
 
Epoch 220 MSE: 116.28800201416016 MAE: 7.1777663230896
Epoch 220 OT: 117.05694630940755 MMD: 0.002425307035446167
Epoch 220 collision: 0.0 FDE: 7.978882789611816
Epoch 220 dtw: 3.957709550857544 inter ped distance mmd: 0.0
 
Epoch 230 MSE: 116.96768188476562 MAE: 7.21238899230957
Epoch 230 OT: 117.7109474182129 MMD: 0.0024564266204833984
Epoch 230 collision: 0.0 FDE: 8.024076461791992
Epoch 230 dtw: 3.9807637091036194 inter ped distance mmd: 0.0
 
Epoch 240 MSE: 117.87268829345703 MAE: 7.2553534507751465
Epoch 240 OT: 118.57977549235027 MMD: 0.0024946520725886026
Epoch 240 collision: 0.0 FDE: 8.083258628845215
Epoch 240 dtw: 4.00878808233473 inter ped distance mmd: 0.0
 
Epoch 250 MSE: 119.06539154052734 MAE: 7.3080620765686035
Epoch 250 OT: 119.7266716003418 MMD: 0.0025431632995605467
Epoch 250 collision: 0.0 FDE: 8.156883239746094
Epoch 250 dtw: 4.042279773288303 inter ped distance mmd: 0.0
 
Epoch 260 MSE: 120.40935516357422 MAE: 7.362860679626465
Epoch 260 OT: 121.01370620727539 MMD: 0.0025978187719980874
Epoch 260 collision: 0.0 FDE: 8.241519927978516
Epoch 260 dtw: 4.078412621109574 inter ped distance mmd: 0.0
 
