2025-04-07-15-37-47
Config:
('lr', 0.0005)
('nei_padding_mask', True)
('batch_size', 32)
('train_data_ratio', 1)
('diffusion_steps', 50)
('variance_mode', 'linear')
('val_mode', 'multistep')
('diffnet', 'Diffuser_ped_inter_geometric_cond_w_history')
('yt_encoder_layers', 3)
('spatial_emsize', 128)
('spatial_encoder_head', 4)
('spatial_encoder_layers', 2)
('dropout', 0.3)
('esti_goal', 'acce')
('history_dim', 6)
('history_emsize', 64)
('history_lstm', 128)
('history_lstm_out', 64)
('ped_encode_dim1', 64)
('ped_encode_hid1', [64, 64])
('ped_encode_dim2', 64)
('ped_encode2_layers', 4)
('egnn_layers', 3)
('egnn_hid_dim', 64)
('obs_seq_len', 8)
('pred_seq_len', 20)
('epochs', -1)
('save_model', True)
('finetune', True)
('total_epochs', 30)
('data_config', 'configs/data_configs/data_finetune_c2dl.yaml')
('rebuild_dataset', True)
('data_dict_path', 'dataset_built/pretrain_ucy_0403_trainonreal_mt_fn10_t3v1.pkl')
('model_sd_path', False)
('finetune_trainmode', 'multistep')
('time_decay', 0.9)
('use_col_focus_loss', False)
('collision_threshold', 0.5)
('dataset_type', 'timeindex')
('finetune_flag', 1)
('valid_steps', 10)
('data_dir', 'processed_data_sf')
('topk_ped', 6)
('sight_angle_ped', 90)
('dist_threshold_ped', 12)
('topk_obs', 15)
('sight_angle_obs', 90)
('dist_threshold_obs', 4)
('skip_frames', 10)
('num_history_feature', 8)
('num_history_velocity', 1)
('train_mode', 'multi')
('eval_batch_size', 256)
('k_eval', 25)
('seed', 666)
('eval_every', 10)
('eval_at', 80)
('eval_mode', False)
('device', 'cuda')
('note', 'None')
('config', 'configs/c2dl.yaml')
('dataset', '')
('exp_name', 'c2dl')


Eval on:



#Trainable Parameters: 226536


('ft_lr', 5e-06)
Epoch 0 MSE: 3338.101318359375 MAE: 45.99010467529297
Epoch 0 OT: 904.8115163949819 MMD: 0.49634553082696686
Epoch 0 collision: 0.0 FDE: 48.32831573486328
Epoch 0 dtw: 38.78821249008179 inter ped distance mmd: nan
 
NaN or Inf found in input tensor.
Epoch 10 MSE: 3303.130126953125 MAE: 45.667259216308594
Epoch 10 OT: 896.0317352630279 MMD: 0.48280904188260926
Epoch 10 collision: 0.0 FDE: 47.65969467163086
Epoch 10 dtw: 38.5261173248291 inter ped distance mmd: nan
 
NaN or Inf found in input tensor.
Epoch 20 MSE: 3283.705810546875 MAE: 45.420692443847656
Epoch 20 OT: 873.3955935803089 MMD: 0.4715170825903232
Epoch 20 collision: 0.0 FDE: 48.242835998535156
Epoch 20 dtw: 38.25893545150757 inter ped distance mmd: nan
 
NaN or Inf found in input tensor.
Epoch 30 MSE: 3258.304443359375 MAE: 45.13217544555664
Epoch 30 OT: 850.6516943292304 MMD: 0.45735898302806605
Epoch 30 collision: 0.0 FDE: 49.25006103515625
Epoch 30 dtw: 37.95014991760254 inter ped distance mmd: nan
 
NaN or Inf found in input tensor.
