2025-03-22-02-19-36
Config:
('lr', 0.005)
('nei_padding_mask', True)
('batch_size', 32)
('train_data_ratio', 1)
('diffusion_steps', 50)
('variance_mode', 'linear')
('val_mode', 'multistep')
('diffnet', 'Diffuser_ped_inter_geometric_cond_w_history')
('yt_encoder_layers', 3)
('spatial_emsize', 128)
('spatial_encoder_head', 4)
('spatial_encoder_layers', 2)
('dropout', 0.3)
('esti_goal', 'acce')
('history_dim', 6)
('history_emsize', 64)
('history_lstm', 128)
('history_lstm_out', 64)
('ped_encode_dim1', 64)
('ped_encode_hid1', [64, 64])
('ped_encode_dim2', 64)
('ped_encode2_layers', 4)
('egnn_layers', 3)
('egnn_hid_dim', 64)
('obs_seq_len', 8)
('pred_seq_len', 20)
('epochs', -1)
('save_model', True)
('finetune', True)
('total_epochs', 160)
('data_config', 'configs/data_configs/data_finetune_ucy.yaml')
('rebuild_dataset', True)
('data_dict_path', 'dataset_built/pretrain_ucy_0403_trainonreal_mt_fn10_t3v1.pkl')
('model_sd_path', False)
('finetune_trainmode', 'multistep')
('time_decay', 0.9)
('use_col_focus_loss', False)
('collision_threshold', 0.5)
('dataset_type', 'timeindex')
('finetune_flag', 1)
('valid_steps', 10)
('data_dir', 'processed_data_sf')
('topk_ped', 6)
('sight_angle_ped', 90)
('dist_threshold_ped', 4)
('topk_obs', 10)
('sight_angle_obs', 90)
('dist_threshold_obs', 4)
('skip_frames', 25)
('num_history_feature', 8)
('num_history_velocity', 1)
('train_mode', 'multi')
('eval_batch_size', 256)
('k_eval', 25)
('seed', 666)
('eval_every', 10)
('eval_at', 80)
('eval_mode', False)
('device', 'cuda')
('note', 'None')
('config', 'configs/ucy.yaml')
('dataset', '')
('exp_name', 'ucy')


Eval on:



#Trainable Parameters: 226536


('ft_lr', 5e-05)
Epoch 0 MSE: 16.282407760620117 MAE: 2.6992409229278564
Epoch 0 OT: 7.705137498529444 MMD: 0.16520470112242217
Epoch 0 collision: 274.0 FDE: 3.112912654876709
Epoch 0 dtw: 1.138425806798389 inter ped distance mmd: 0.339585495584193
 
Epoch 10 MSE: 11.272418975830078 MAE: 2.0345304012298584
Epoch 10 OT: 4.9612913231154945 MMD: 0.07658414966055403
Epoch 10 collision: 454.0 FDE: 2.1129558086395264
Epoch 10 dtw: 0.7935076338178086 inter ped distance mmd: 0.24330702274352128
 
Epoch 20 MSE: 10.578286170959473 MAE: 1.940995454788208
Epoch 20 OT: 4.507723874734734 MMD: 0.0729198507118993
Epoch 20 collision: 584.0 FDE: 1.9642425775527954
Epoch 20 dtw: 0.7561564942317032 inter ped distance mmd: 0.22448796978894553
 
