2025-03-30-12-10-30
Config:
('lr', 0.005)
('nei_padding_mask', True)
('batch_size', 32)
('train_data_ratio', 1)
('diffusion_steps', 50)
('variance_mode', 'linear')
('val_mode', 'multistep')
('diffnet', 'Diffuser_ped_inter_geometric_cond_w_history')
('yt_encoder_layers', 3)
('spatial_emsize', 128)
('spatial_encoder_head', 4)
('spatial_encoder_layers', 2)
('dropout', 0.3)
('esti_goal', 'acce')
('history_dim', 6)
('history_emsize', 64)
('history_lstm', 128)
('history_lstm_out', 64)
('ped_encode_dim1', 64)
('ped_encode_hid1', [64, 64])
('ped_encode_dim2', 64)
('ped_encode2_layers', 4)
('egnn_layers', 3)
('egnn_hid_dim', 64)
('obs_seq_len', 8)
('pred_seq_len', 20)
('epochs', -1)
('save_model', True)
('finetune', True)
('total_epochs', 30)
('data_config', 'configs/data_configs/data_finetune_fluo.yaml')
('rebuild_dataset', True)
('data_dict_path', 'dataset_built/pretrain_ucy_0403_trainonreal_mt_fn10_t3v1.pkl')
('model_sd_path', False)
('finetune_trainmode', 'multistep')
('time_decay', 0.9)
('use_col_focus_loss', False)
('collision_threshold', 0.5)
('dataset_type', 'timeindex')
('finetune_flag', 1)
('valid_steps', 10)
('data_dir', 'processed_data_sf')
('topk_ped', 6)
('sight_angle_ped', 90)
('dist_threshold_ped', 4)
('topk_obs', 10)
('sight_angle_obs', 90)
('dist_threshold_obs', 4)
('skip_frames', 25)
('num_history_feature', 8)
('num_history_velocity', 1)
('train_mode', 'multi')
('eval_batch_size', 256)
('k_eval', 25)
('seed', 666)
('eval_every', 10)
('eval_at', 80)
('eval_mode', False)
('device', 'cuda')
('note', 'None')
('config', 'configs/fluo.yaml')
('dataset', '')
('exp_name', 'fluo')


Eval on:



#Trainable Parameters: 226536


('ft_lr', 5e-05)
Epoch 0 MSE: nan MAE: nan
Epoch 0 OT: nan MMD: nan
Epoch 0 collision: 758.0 FDE: 0.0
Epoch 0 dtw: 0.0 inter ped distance mmd: nan
 
NaN or Inf found in input tensor.
NaN or Inf found in input tensor.
NaN or Inf found in input tensor.
NaN or Inf found in input tensor.
NaN or Inf found in input tensor.
Epoch 10 MSE: nan MAE: nan
Epoch 10 OT: nan MMD: nan
Epoch 10 collision: 758.0 FDE: 0.0
Epoch 10 dtw: 0.0 inter ped distance mmd: nan
 
NaN or Inf found in input tensor.
NaN or Inf found in input tensor.
NaN or Inf found in input tensor.
NaN or Inf found in input tensor.
NaN or Inf found in input tensor.
Epoch 20 MSE: nan MAE: nan
Epoch 20 OT: nan MMD: nan
Epoch 20 collision: 758.0 FDE: 0.0
Epoch 20 dtw: 0.0 inter ped distance mmd: nan
 
NaN or Inf found in input tensor.
NaN or Inf found in input tensor.
NaN or Inf found in input tensor.
NaN or Inf found in input tensor.
NaN or Inf found in input tensor.
Epoch 30 MSE: nan MAE: nan
Epoch 30 OT: nan MMD: nan
Epoch 30 collision: 758.0 FDE: 0.0
Epoch 30 dtw: 0.0 inter ped distance mmd: nan
 
NaN or Inf found in input tensor.
NaN or Inf found in input tensor.
NaN or Inf found in input tensor.
NaN or Inf found in input tensor.
NaN or Inf found in input tensor.
